<?xml version="1.0" encoding="UTF-8"?>
<!-- Generated by org.testng.reporters.JUnitReportReporter -->
<testsuite hostname="DESKTOP-75SC2SL" failures="0" tests="3" name="Practice.TestNGTest" time="0.059" errors="0" timestamp="2024-07-10T19:56:54 IST" skipped="0">
  <testcase classname="Practice.TestNGTest" name="modifyContactTest" time="0.048"/>
  <system-out/>
  <testcase classname="Practice.TestNGTest" name="createContactTest" time="0.005"/>
  <system-out/>
  <testcase classname="Practice.TestNGTest" name="deleteContactTest" time="0.006"/>
  <system-out/>
</testsuite> <!-- Practice.TestNGTest -->
