<?xml version="1.0" encoding="UTF-8"?>
<!-- Generated by org.testng.reporters.JUnitReportReporter -->
<testsuite hostname="DESKTOP-75SC2SL" failures="0" tests="3" name="Practice.DataProviderEx2" time="91.348" errors="0" timestamp="2024-07-09T21:00:59 IST" skipped="0">
  <testcase classname="Practice.DataProviderEx2" name="createOrganization" time="37.402"/>
  <system-out/>
  <testcase classname="Practice.DataProviderEx2" name="createOrganization" time="28.732"/>
  <system-out/>
  <testcase classname="Practice.DataProviderEx2" name="createOrganization" time="25.214"/>
  <system-out/>
</testsuite> <!-- Practice.DataProviderEx2 -->
